<?xml version="1.0" encoding="UTF-8"?>
<!-- Generated by org.testng.reporters.JUnitReportReporter -->
<testsuite skipped="0" hostname="DESKTOP-DFFE56N" name="cn.selenium.java.MyProject.Demo1" tests="1" failures="0" timestamp="2019-11-14T21:41:57 CST" time="4.581" errors="0">
  <testcase name="f" time="4.581" classname="cn.selenium.java.MyProject.Demo1"/>
</testsuite> <!-- cn.selenium.java.MyProject.Demo1 -->
